{"/Users/david/ProjectsCode/nowak-assoc-website/src/components/About.jsx": {"path":"/Users/david/ProjectsCode/nowak-assoc-website/src/components/About.jsx","statementMap":{"0":{"start":{"line":3,"column":14},"end":{"line":71,"column":1}},"1":{"start":{"line":4,"column":2},"end":{"line":70,"column":12}}},"fnMap":{"0":{"name":"(anonymous_0)","decl":{"start":{"line":3,"column":14},"end":{"line":3,"column":15}},"loc":{"start":{"line":4,"column":2},"end":{"line":70,"column":12}},"line":4}},"branchMap":{},"s":{"0":1,"1":1},"f":{"0":1},"b":{},"_coverageSchema":"43e27e138ebf9cfc5966b082cf9a028302ed4184","hash":"2acb1c5037ad3dbfa82fdbbeb7172c0047a35f87"}
,"/Users/david/ProjectsCode/nowak-assoc-website/src/components/Contact.jsx": {"path":"/Users/david/ProjectsCode/nowak-assoc-website/src/components/Contact.jsx","statementMap":{"0":{"start":{"line":4,"column":16},"end":{"line":129,"column":1}},"1":{"start":{"line":5,"column":2},"end":{"line":128,"column":12}}},"fnMap":{"0":{"name":"(anonymous_0)","decl":{"start":{"line":4,"column":16},"end":{"line":4,"column":17}},"loc":{"start":{"line":5,"column":2},"end":{"line":128,"column":12}},"line":5}},"branchMap":{},"s":{"0":1,"1":6},"f":{"0":6},"b":{},"_coverageSchema":"43e27e138ebf9cfc5966b082cf9a028302ed4184","hash":"f02508a75ef4afbda7d1efa24cdcfca56437281a"}
,"/Users/david/ProjectsCode/nowak-assoc-website/src/components/Home.jsx": {"path":"/Users/david/ProjectsCode/nowak-assoc-website/src/components/Home.jsx","statementMap":{"0":{"start":{"line":6,"column":13},"end":{"line":41,"column":1}},"1":{"start":{"line":7,"column":2},"end":{"line":40,"column":12}}},"fnMap":{"0":{"name":"(anonymous_0)","decl":{"start":{"line":6,"column":13},"end":{"line":6,"column":14}},"loc":{"start":{"line":7,"column":2},"end":{"line":40,"column":12}},"line":7}},"branchMap":{},"s":{"0":1,"1":1},"f":{"0":1},"b":{},"_coverageSchema":"43e27e138ebf9cfc5966b082cf9a028302ed4184","hash":"bf2aa506500741b6756544059956836091325b46"}
,"/Users/david/ProjectsCode/nowak-assoc-website/src/components/Icon.jsx": {"path":"/Users/david/ProjectsCode/nowak-assoc-website/src/components/Icon.jsx","statementMap":{"0":{"start":{"line":16,"column":0},"end":{"line":24,"column":2}},"1":{"start":{"line":26,"column":13},"end":{"line":29,"column":1}},"2":{"start":{"line":27,"column":17},"end":{"line":27,"column":55}},"3":{"start":{"line":28,"column":2},"end":{"line":28,"column":65}},"4":{"start":{"line":31,"column":0},"end":{"line":35,"column":2}},"5":{"start":{"line":37,"column":0},"end":{"line":39,"column":2}}},"fnMap":{"0":{"name":"(anonymous_0)","decl":{"start":{"line":26,"column":13},"end":{"line":26,"column":14}},"loc":{"start":{"line":26,"column":50},"end":{"line":29,"column":1}},"line":26}},"branchMap":{"0":{"loc":{"start":{"line":27,"column":17},"end":{"line":27,"column":55}},"type":"cond-expr","locations":[{"start":{"line":27,"column":30},"end":{"line":27,"column":48}},{"start":{"line":27,"column":51},"end":{"line":27,"column":55}}],"line":27}},"s":{"0":3,"1":3,"2":13,"3":13,"4":3,"5":3},"f":{"0":13},"b":{"0":[6,7]},"_coverageSchema":"43e27e138ebf9cfc5966b082cf9a028302ed4184","hash":"681747343ca88109a41480dbed4610c2cd864c0e"}
,"/Users/david/ProjectsCode/nowak-assoc-website/src/components/Publications.jsx": {"path":"/Users/david/ProjectsCode/nowak-assoc-website/src/components/Publications.jsx","statementMap":{"0":{"start":{"line":4,"column":21},"end":{"line":207,"column":1}},"1":{"start":{"line":5,"column":2},"end":{"line":206,"column":12}}},"fnMap":{"0":{"name":"(anonymous_0)","decl":{"start":{"line":4,"column":21},"end":{"line":4,"column":22}},"loc":{"start":{"line":5,"column":2},"end":{"line":206,"column":12}},"line":5}},"branchMap":{},"s":{"0":1,"1":1},"f":{"0":1},"b":{},"_coverageSchema":"43e27e138ebf9cfc5966b082cf9a028302ed4184","hash":"f0819435c5dc6a954974195d78ae614eb586ac7f"}
,"/Users/david/ProjectsCode/nowak-assoc-website/src/components/Services.jsx": {"path":"/Users/david/ProjectsCode/nowak-assoc-website/src/components/Services.jsx","statementMap":{"0":{"start":{"line":3,"column":17},"end":{"line":32,"column":1}},"1":{"start":{"line":4,"column":2},"end":{"line":31,"column":12}}},"fnMap":{"0":{"name":"(anonymous_0)","decl":{"start":{"line":3,"column":17},"end":{"line":3,"column":18}},"loc":{"start":{"line":4,"column":2},"end":{"line":31,"column":12}},"line":4}},"branchMap":{},"s":{"0":1,"1":1},"f":{"0":1},"b":{},"_coverageSchema":"43e27e138ebf9cfc5966b082cf9a028302ed4184","hash":"43abf71fa36909203e0563378560c1ddc46d030e"}
,"/Users/david/ProjectsCode/nowak-assoc-website/tests/file-mock.js": {"path":"/Users/david/ProjectsCode/nowak-assoc-website/tests/file-mock.js","statementMap":{"0":{"start":{"line":1,"column":0},"end":{"line":1,"column":34}}},"fnMap":{},"branchMap":{},"s":{"0":1},"f":{},"b":{},"_coverageSchema":"43e27e138ebf9cfc5966b082cf9a028302ed4184","hash":"3aa745dc948caed8215672f3c25431524f209a07"}
}
