TN:
SF:/Users/david/ProjectsCode/nowak-assoc-website/src/components/About.jsx
FN:3,(anonymous_0)
FNF:1
FNH:1
FNDA:1,(anonymous_0)
DA:3,1
DA:4,1
LF:2
LH:2
BRF:0
BRH:0
end_of_record
TN:
SF:/Users/david/ProjectsCode/nowak-assoc-website/src/components/Contact.jsx
FN:4,(anonymous_0)
FNF:1
FNH:1
FNDA:6,(anonymous_0)
DA:4,1
DA:5,6
LF:2
LH:2
BRF:0
BRH:0
end_of_record
TN:
SF:/Users/david/ProjectsCode/nowak-assoc-website/src/components/Home.jsx
FN:6,(anonymous_0)
FNF:1
FNH:1
FNDA:1,(anonymous_0)
DA:6,1
DA:7,1
LF:2
LH:2
BRF:0
BRH:0
end_of_record
TN:
SF:/Users/david/ProjectsCode/nowak-assoc-website/src/components/Icon.jsx
FN:26,(anonymous_0)
FNF:1
FNH:1
FNDA:13,(anonymous_0)
DA:16,3
DA:26,3
DA:27,13
DA:28,13
DA:31,3
DA:37,3
LF:6
LH:6
BRDA:27,0,0,6
BRDA:27,0,1,7
BRF:2
BRH:2
end_of_record
TN:
SF:/Users/david/ProjectsCode/nowak-assoc-website/src/components/Publications.jsx
FN:4,(anonymous_0)
FNF:1
FNH:1
FNDA:1,(anonymous_0)
DA:4,1
DA:5,1
LF:2
LH:2
BRF:0
BRH:0
end_of_record
TN:
SF:/Users/david/ProjectsCode/nowak-assoc-website/src/components/Services.jsx
FN:3,(anonymous_0)
FNF:1
FNH:1
FNDA:1,(anonymous_0)
DA:3,1
DA:4,1
LF:2
LH:2
BRF:0
BRH:0
end_of_record
TN:
SF:/Users/david/ProjectsCode/nowak-assoc-website/tests/file-mock.js
FNF:0
FNH:0
DA:1,1
LF:1
LH:1
BRF:0
BRH:0
end_of_record
